Build started 10-05-2022 3:04:07 PM.
     1>Project "F:\C++ Programs\Tic_Tac GAme\Tic_Tac GAme\Tic_Tac GAme.vcxproj" on node 2 (build target(s)).
     1>PrepareForBuild:
         Creating directory "F:\C++ Programs\Tic_Tac GAme\Debug\".
       InitializeBuildStatus:
         Creating "Debug\Tic_Tac GAme.unsuccessfulbuild" because "AlwaysCreate" was specified.
       ClCompile:
         C:\Program Files (x86)\Microsoft Visual Studio 10.0\VC\bin\CL.exe /c /ZI /nologo /W3 /WX- /Od /Oy- /D WIN32 /D _DEBUG /D _CONSOLE /D _UNICODE /D UNICODE /Gm /EHsc /RTC1 /MDd /GS /fp:precise /Zc:wchar_t /Zc:forScope /Yc"StdAfx.h" /Fp"Debug\Tic_Tac GAme.pch" /Fo"Debug\\" /Fd"Debug\vc100.pdb" /Gd /TP /analyze- /errorReport:prompt stdafx.cpp
         stdafx.cpp
         C:\Program Files (x86)\Microsoft Visual Studio 10.0\VC\bin\CL.exe /c /ZI /nologo /W3 /WX- /Od /Oy- /D WIN32 /D _DEBUG /D _CONSOLE /D _UNICODE /D UNICODE /Gm /EHsc /RTC1 /MDd /GS /fp:precise /Zc:wchar_t /Zc:forScope /Yu"StdAfx.h" /Fp"Debug\Tic_Tac GAme.pch" /Fo"Debug\\" /Fd"Debug\vc100.pdb" /Gd /TP /analyze- /errorReport:prompt "Tic_Tac GAme.cpp"
         Tic_Tac GAme.cpp
     1>f:\c++ programs\tic_tac game\tic_tac game\tic_tac game.cpp(122): warning C4715: 'validate' : not all control paths return a value
       ManifestResourceCompile:
         C:\Program Files (x86)\Microsoft SDKs\Windows\v7.0A\bin\rc.exe /nologo /fo"Debug\Tic_Tac GAme.exe.embed.manifest.res" "Debug\Tic_Tac GAme_manifest.rc" 
       Link:
         C:\Program Files (x86)\Microsoft Visual Studio 10.0\VC\bin\link.exe /ERRORREPORT:PROMPT /OUT:"F:\C++ Programs\Tic_Tac GAme\Debug\Tic_Tac GAme.exe" /INCREMENTAL /NOLOGO kernel32.lib user32.lib gdi32.lib winspool.lib comdlg32.lib advapi32.lib shell32.lib ole32.lib oleaut32.lib uuid.lib odbc32.lib odbccp32.lib /MANIFEST /ManifestFile:"Debug\Tic_Tac GAme.exe.intermediate.manifest" /MANIFESTUAC:"level='asInvoker' uiAccess='false'" /DEBUG /PDB:"F:\C++ Programs\Tic_Tac GAme\Debug\Tic_Tac GAme.pdb" /SUBSYSTEM:CONSOLE /TLBID:1 /DYNAMICBASE /NXCOMPAT /IMPLIB:"F:\C++ Programs\Tic_Tac GAme\Debug\Tic_Tac GAme.lib" /MACHINE:X86 "Debug\Tic_Tac GAme.exe.embed.manifest.res"
         Debug\stdafx.obj
         "Debug\Tic_Tac GAme.obj"
       Manifest:
         C:\Program Files (x86)\Microsoft SDKs\Windows\v7.0A\bin\mt.exe /nologo /verbose /out:"Debug\Tic_Tac GAme.exe.embed.manifest" /manifest "Debug\Tic_Tac GAme.exe.intermediate.manifest"
         C:\Program Files (x86)\Microsoft SDKs\Windows\v7.0A\bin\rc.exe /nologo /fo"Debug\Tic_Tac GAme.exe.embed.manifest.res" "Debug\Tic_Tac GAme_manifest.rc" 
       LinkEmbedManifest:
         C:\Program Files (x86)\Microsoft Visual Studio 10.0\VC\bin\link.exe /ERRORREPORT:PROMPT /OUT:"F:\C++ Programs\Tic_Tac GAme\Debug\Tic_Tac GAme.exe" /INCREMENTAL /NOLOGO kernel32.lib user32.lib gdi32.lib winspool.lib comdlg32.lib advapi32.lib shell32.lib ole32.lib oleaut32.lib uuid.lib odbc32.lib odbccp32.lib /MANIFEST /ManifestFile:"Debug\Tic_Tac GAme.exe.intermediate.manifest" /MANIFESTUAC:"level='asInvoker' uiAccess='false'" /DEBUG /PDB:"F:\C++ Programs\Tic_Tac GAme\Debug\Tic_Tac GAme.pdb" /SUBSYSTEM:CONSOLE /TLBID:1 /DYNAMICBASE /NXCOMPAT /IMPLIB:"F:\C++ Programs\Tic_Tac GAme\Debug\Tic_Tac GAme.lib" /MACHINE:X86 "Debug\Tic_Tac GAme.exe.embed.manifest.res"
         Debug\stdafx.obj
         "Debug\Tic_Tac GAme.obj"
         Tic_Tac GAme.vcxproj -> F:\C++ Programs\Tic_Tac GAme\Debug\Tic_Tac GAme.exe
       FinalizeBuildStatus:
         Deleting file "Debug\Tic_Tac GAme.unsuccessfulbuild".
         Touching "Debug\Tic_Tac GAme.lastbuildstate".
     1>Done Building Project "F:\C++ Programs\Tic_Tac GAme\Tic_Tac GAme\Tic_Tac GAme.vcxproj" (build target(s)).

Build succeeded.

Time Elapsed 00:00:01.69
